{"/home/ankitachatterjee/Desktop/Number-To-Text-Converter/src/cardinal.js": {"path":"/home/ankitachatterjee/Desktop/Number-To-Text-Converter/src/cardinal.js","statementMap":{"0":{"start":{"line":7,"column":8},"end":{"line":7,"column":21}},"1":{"start":{"line":8,"column":8},"end":{"line":8,"column":23}},"2":{"start":{"line":9,"column":8},"end":{"line":9,"column":21}},"3":{"start":{"line":12,"column":18},"end":{"line":12,"column":41}},"4":{"start":{"line":13,"column":8},"end":{"line":13,"column":34}},"5":{"start":{"line":14,"column":19},"end":{"line":14,"column":62}},"6":{"start":{"line":15,"column":8},"end":{"line":15,"column":23}},"7":{"start":{"line":18,"column":18},"end":{"line":18,"column":41}},"8":{"start":{"line":19,"column":8},"end":{"line":19,"column":34}},"9":{"start":{"line":20,"column":8},"end":{"line":20,"column":27}}},"fnMap":{"0":{"name":"(anonymous_0)","decl":{"start":{"line":6,"column":4},"end":{"line":6,"column":5}},"loc":{"start":{"line":6,"column":24},"end":{"line":10,"column":5}},"line":6},"1":{"name":"(anonymous_1)","decl":{"start":{"line":11,"column":4},"end":{"line":11,"column":5}},"loc":{"start":{"line":11,"column":10},"end":{"line":16,"column":5}},"line":11},"2":{"name":"(anonymous_2)","decl":{"start":{"line":17,"column":4},"end":{"line":17,"column":5}},"loc":{"start":{"line":17,"column":12},"end":{"line":21,"column":5}},"line":17}},"branchMap":{},"s":{"0":1,"1":1,"2":1,"3":0,"4":0,"5":0,"6":0,"7":1,"8":1,"9":1},"f":{"0":1,"1":0,"2":1},"b":{},"_coverageSchema":"332fd63041d2c1bcb487cc26dd0d5f7d97098a6c","hash":"24ec2ef44f983cb0d20011f81b58087f02d526eb"}
,"/home/ankitachatterjee/Desktop/Number-To-Text-Converter/src/date.js": {"path":"/home/ankitachatterjee/Desktop/Number-To-Text-Converter/src/date.js","statementMap":{"0":{"start":{"line":6,"column":8},"end":{"line":6,"column":21}},"1":{"start":{"line":7,"column":8},"end":{"line":7,"column":22}},"2":{"start":{"line":8,"column":8},"end":{"line":8,"column":21}},"3":{"start":{"line":9,"column":8},"end":{"line":9,"column":22}},"4":{"start":{"line":10,"column":8},"end":{"line":10,"column":20}},"5":{"start":{"line":11,"column":8},"end":{"line":11,"column":26}},"6":{"start":{"line":12,"column":8},"end":{"line":12,"column":21}},"7":{"start":{"line":15,"column":8},"end":{"line":15,"column":43}},"8":{"start":{"line":18,"column":8},"end":{"line":27,"column":9}},"9":{"start":{"line":19,"column":12},"end":{"line":19,"column":36}},"10":{"start":{"line":20,"column":12},"end":{"line":20,"column":37}},"11":{"start":{"line":21,"column":12},"end":{"line":21,"column":35}},"12":{"start":{"line":23,"column":13},"end":{"line":27,"column":9}},"13":{"start":{"line":24,"column":12},"end":{"line":24,"column":36}},"14":{"start":{"line":25,"column":12},"end":{"line":25,"column":37}},"15":{"start":{"line":26,"column":12},"end":{"line":26,"column":35}},"16":{"start":{"line":28,"column":18},"end":{"line":28,"column":42}},"17":{"start":{"line":29,"column":8},"end":{"line":29,"column":42}},"18":{"start":{"line":30,"column":19},"end":{"line":30,"column":44}},"19":{"start":{"line":31,"column":8},"end":{"line":31,"column":43}},"20":{"start":{"line":32,"column":19},"end":{"line":32,"column":42}},"21":{"start":{"line":33,"column":8},"end":{"line":33,"column":39}},"22":{"start":{"line":34,"column":19},"end":{"line":34,"column":65}},"23":{"start":{"line":35,"column":8},"end":{"line":35,"column":23}},"24":{"start":{"line":38,"column":18},"end":{"line":38,"column":42}},"25":{"start":{"line":39,"column":8},"end":{"line":39,"column":42}},"26":{"start":{"line":40,"column":19},"end":{"line":40,"column":44}},"27":{"start":{"line":41,"column":8},"end":{"line":41,"column":43}},"28":{"start":{"line":42,"column":19},"end":{"line":42,"column":42}},"29":{"start":{"line":43,"column":8},"end":{"line":43,"column":39}},"30":{"start":{"line":44,"column":8},"end":{"line":44,"column":30}}},"fnMap":{"0":{"name":"(anonymous_0)","decl":{"start":{"line":5,"column":4},"end":{"line":5,"column":5}},"loc":{"start":{"line":5,"column":24},"end":{"line":13,"column":5}},"line":5},"1":{"name":"(anonymous_1)","decl":{"start":{"line":14,"column":4},"end":{"line":14,"column":5}},"loc":{"start":{"line":14,"column":15},"end":{"line":16,"column":5}},"line":14},"2":{"name":"(anonymous_2)","decl":{"start":{"line":17,"column":4},"end":{"line":17,"column":5}},"loc":{"start":{"line":17,"column":13},"end":{"line":36,"column":5}},"line":17},"3":{"name":"(anonymous_3)","decl":{"start":{"line":37,"column":4},"end":{"line":37,"column":5}},"loc":{"start":{"line":37,"column":12},"end":{"line":45,"column":5}},"line":37}},"branchMap":{"0":{"loc":{"start":{"line":18,"column":8},"end":{"line":27,"column":9}},"type":"if","locations":[{"start":{"line":18,"column":8},"end":{"line":27,"column":9}},{"start":{"line":18,"column":8},"end":{"line":27,"column":9}}],"line":18},"1":{"loc":{"start":{"line":23,"column":13},"end":{"line":27,"column":9}},"type":"if","locations":[{"start":{"line":23,"column":13},"end":{"line":27,"column":9}},{"start":{"line":23,"column":13},"end":{"line":27,"column":9}}],"line":23}},"s":{"0":1,"1":1,"2":1,"3":1,"4":1,"5":1,"6":1,"7":1,"8":0,"9":0,"10":0,"11":0,"12":0,"13":0,"14":0,"15":0,"16":0,"17":0,"18":0,"19":0,"20":0,"21":0,"22":0,"23":0,"24":1,"25":1,"26":1,"27":1,"28":1,"29":1,"30":1},"f":{"0":1,"1":1,"2":0,"3":1},"b":{"0":[0,0],"1":[0,0]},"_coverageSchema":"332fd63041d2c1bcb487cc26dd0d5f7d97098a6c","hash":"2b1185d9a8fc367845e82ae0697040aee887210a"}
,"/home/ankitachatterjee/Desktop/Number-To-Text-Converter/src/decimal.js": {"path":"/home/ankitachatterjee/Desktop/Number-To-Text-Converter/src/decimal.js","statementMap":{"0":{"start":{"line":6,"column":8},"end":{"line":6,"column":21}},"1":{"start":{"line":7,"column":8},"end":{"line":7,"column":30}},"2":{"start":{"line":8,"column":8},"end":{"line":8,"column":29}},"3":{"start":{"line":9,"column":8},"end":{"line":9,"column":26}},"4":{"start":{"line":10,"column":8},"end":{"line":10,"column":21}},"5":{"start":{"line":13,"column":14},"end":{"line":13,"column":15}},"6":{"start":{"line":14,"column":8},"end":{"line":16,"column":9}},"7":{"start":{"line":15,"column":12},"end":{"line":15,"column":16}},"8":{"start":{"line":17,"column":8},"end":{"line":17,"column":51}},"9":{"start":{"line":18,"column":8},"end":{"line":18,"column":50}},"10":{"start":{"line":19,"column":8},"end":{"line":24,"column":9}},"11":{"start":{"line":20,"column":12},"end":{"line":20,"column":16}},"12":{"start":{"line":21,"column":12},"end":{"line":23,"column":13}},"13":{"start":{"line":22,"column":16},"end":{"line":22,"column":20}},"14":{"start":{"line":25,"column":19},"end":{"line":25,"column":52}},"15":{"start":{"line":26,"column":8},"end":{"line":26,"column":43}},"16":{"start":{"line":27,"column":19},"end":{"line":27,"column":66}},"17":{"start":{"line":28,"column":8},"end":{"line":28,"column":70}},"18":{"start":{"line":29,"column":19},"end":{"line":29,"column":65}},"19":{"start":{"line":30,"column":8},"end":{"line":30,"column":23}},"20":{"start":{"line":33,"column":19},"end":{"line":33,"column":52}},"21":{"start":{"line":34,"column":8},"end":{"line":34,"column":43}},"22":{"start":{"line":35,"column":19},"end":{"line":35,"column":51}},"23":{"start":{"line":36,"column":8},"end":{"line":36,"column":39}},"24":{"start":{"line":37,"column":8},"end":{"line":37,"column":30}}},"fnMap":{"0":{"name":"(anonymous_0)","decl":{"start":{"line":5,"column":4},"end":{"line":5,"column":5}},"loc":{"start":{"line":5,"column":24},"end":{"line":11,"column":5}},"line":5},"1":{"name":"(anonymous_1)","decl":{"start":{"line":12,"column":4},"end":{"line":12,"column":5}},"loc":{"start":{"line":12,"column":13},"end":{"line":31,"column":5}},"line":12},"2":{"name":"(anonymous_2)","decl":{"start":{"line":32,"column":4},"end":{"line":32,"column":5}},"loc":{"start":{"line":32,"column":12},"end":{"line":38,"column":5}},"line":32}},"branchMap":{"0":{"loc":{"start":{"line":19,"column":8},"end":{"line":24,"column":9}},"type":"if","locations":[{"start":{"line":19,"column":8},"end":{"line":24,"column":9}},{"start":{"line":19,"column":8},"end":{"line":24,"column":9}}],"line":19}},"s":{"0":1,"1":1,"2":1,"3":1,"4":1,"5":0,"6":0,"7":0,"8":0,"9":0,"10":0,"11":0,"12":0,"13":0,"14":0,"15":0,"16":0,"17":0,"18":0,"19":0,"20":1,"21":1,"22":1,"23":1,"24":1},"f":{"0":1,"1":0,"2":1},"b":{"0":[0,0]},"_coverageSchema":"332fd63041d2c1bcb487cc26dd0d5f7d97098a6c","hash":"592cd314831dae2d0bf5fde88242dd4e6a4386fe"}
,"/home/ankitachatterjee/Desktop/Number-To-Text-Converter/src/fraction.js": {"path":"/home/ankitachatterjee/Desktop/Number-To-Text-Converter/src/fraction.js","statementMap":{"0":{"start":{"line":6,"column":8},"end":{"line":6,"column":21}},"1":{"start":{"line":7,"column":8},"end":{"line":7,"column":25}},"2":{"start":{"line":8,"column":8},"end":{"line":8,"column":25}},"3":{"start":{"line":9,"column":8},"end":{"line":9,"column":26}},"4":{"start":{"line":10,"column":8},"end":{"line":10,"column":21}},"5":{"start":{"line":13,"column":14},"end":{"line":13,"column":15}},"6":{"start":{"line":14,"column":8},"end":{"line":16,"column":9}},"7":{"start":{"line":15,"column":12},"end":{"line":15,"column":16}},"8":{"start":{"line":17,"column":8},"end":{"line":17,"column":46}},"9":{"start":{"line":18,"column":8},"end":{"line":18,"column":46}},"10":{"start":{"line":19,"column":19},"end":{"line":19,"column":47}},"11":{"start":{"line":20,"column":8},"end":{"line":20,"column":43}},"12":{"start":{"line":21,"column":19},"end":{"line":21,"column":47}},"13":{"start":{"line":22,"column":8},"end":{"line":22,"column":39}},"14":{"start":{"line":23,"column":19},"end":{"line":23,"column":65}},"15":{"start":{"line":24,"column":8},"end":{"line":24,"column":23}},"16":{"start":{"line":27,"column":19},"end":{"line":27,"column":47}},"17":{"start":{"line":28,"column":8},"end":{"line":28,"column":43}},"18":{"start":{"line":29,"column":19},"end":{"line":29,"column":47}},"19":{"start":{"line":30,"column":8},"end":{"line":30,"column":39}},"20":{"start":{"line":31,"column":8},"end":{"line":31,"column":30}}},"fnMap":{"0":{"name":"(anonymous_0)","decl":{"start":{"line":5,"column":4},"end":{"line":5,"column":5}},"loc":{"start":{"line":5,"column":24},"end":{"line":11,"column":5}},"line":5},"1":{"name":"(anonymous_1)","decl":{"start":{"line":12,"column":4},"end":{"line":12,"column":5}},"loc":{"start":{"line":12,"column":13},"end":{"line":25,"column":5}},"line":12},"2":{"name":"(anonymous_2)","decl":{"start":{"line":26,"column":4},"end":{"line":26,"column":5}},"loc":{"start":{"line":26,"column":12},"end":{"line":32,"column":5}},"line":26}},"branchMap":{},"s":{"0":1,"1":1,"2":1,"3":1,"4":1,"5":0,"6":0,"7":0,"8":0,"9":0,"10":0,"11":0,"12":0,"13":0,"14":0,"15":0,"16":1,"17":1,"18":1,"19":1,"20":1},"f":{"0":1,"1":0,"2":1},"b":{},"_coverageSchema":"332fd63041d2c1bcb487cc26dd0d5f7d97098a6c","hash":"195c356822dd66c48513b11a606d782c0adb7221"}
,"/home/ankitachatterjee/Desktop/Number-To-Text-Converter/src/numToWord.js": {"path":"/home/ankitachatterjee/Desktop/Number-To-Text-Converter/src/numToWord.js","statementMap":{"0":{"start":{"line":12,"column":8},"end":{"line":12,"column":21}},"1":{"start":{"line":13,"column":8},"end":{"line":13,"column":60}},"2":{"start":{"line":14,"column":5},"end":{"line":14,"column":118}},"3":{"start":{"line":15,"column":5},"end":{"line":15,"column":96}},"4":{"start":{"line":16,"column":5},"end":{"line":16,"column":65}},"5":{"start":{"line":17,"column":5},"end":{"line":17,"column":113}},"6":{"start":{"line":18,"column":5},"end":{"line":18,"column":44}},"7":{"start":{"line":19,"column":5},"end":{"line":19,"column":83}},"8":{"start":{"line":20,"column":5},"end":{"line":20,"column":472}},"9":{"start":{"line":21,"column":5},"end":{"line":21,"column":510}},"10":{"start":{"line":22,"column":5},"end":{"line":22,"column":25}},"11":{"start":{"line":23,"column":5},"end":{"line":23,"column":27}},"12":{"start":{"line":24,"column":5},"end":{"line":24,"column":21}},"13":{"start":{"line":25,"column":2},"end":{"line":25,"column":12}},"14":{"start":{"line":28,"column":10},"end":{"line":28,"column":11}},"15":{"start":{"line":29,"column":2},"end":{"line":32,"column":3}},"16":{"start":{"line":30,"column":3},"end":{"line":30,"column":13}},"17":{"start":{"line":31,"column":3},"end":{"line":31,"column":22}},"18":{"start":{"line":33,"column":2},"end":{"line":33,"column":13}},"19":{"start":{"line":36,"column":16},"end":{"line":36,"column":24}},"20":{"start":{"line":37,"column":2},"end":{"line":37,"column":12}},"21":{"start":{"line":38,"column":2},"end":{"line":89,"column":3}},"22":{"start":{"line":39,"column":3},"end":{"line":52,"column":4}},"23":{"start":{"line":40,"column":4},"end":{"line":48,"column":5}},"24":{"start":{"line":41,"column":5},"end":{"line":41,"column":9}},"25":{"start":{"line":43,"column":9},"end":{"line":48,"column":5}},"26":{"start":{"line":44,"column":5},"end":{"line":44,"column":9}},"27":{"start":{"line":47,"column":5},"end":{"line":47,"column":9}},"28":{"start":{"line":51,"column":4},"end":{"line":51,"column":19}},"29":{"start":{"line":53,"column":3},"end":{"line":88,"column":4}},"30":{"start":{"line":54,"column":4},"end":{"line":87,"column":5}},"31":{"start":{"line":55,"column":12},"end":{"line":55,"column":38}},"32":{"start":{"line":56,"column":6},"end":{"line":56,"column":12}},"33":{"start":{"line":57,"column":12},"end":{"line":66,"column":7}},"34":{"start":{"line":58,"column":6},"end":{"line":58,"column":33}},"35":{"start":{"line":59,"column":6},"end":{"line":59,"column":10}},"36":{"start":{"line":61,"column":10},"end":{"line":66,"column":7}},"37":{"start":{"line":62,"column":6},"end":{"line":62,"column":32}},"38":{"start":{"line":65,"column":6},"end":{"line":65,"column":36}},"39":{"start":{"line":67,"column":6},"end":{"line":67,"column":12}},"40":{"start":{"line":68,"column":12},"end":{"line":68,"column":68}},"41":{"start":{"line":69,"column":6},"end":{"line":69,"column":12}},"42":{"start":{"line":70,"column":12},"end":{"line":70,"column":92}},"43":{"start":{"line":71,"column":6},"end":{"line":71,"column":10}},"44":{"start":{"line":72,"column":6},"end":{"line":72,"column":12}},"45":{"start":{"line":73,"column":12},"end":{"line":78,"column":7}},"46":{"start":{"line":74,"column":6},"end":{"line":74,"column":61}},"47":{"start":{"line":77,"column":6},"end":{"line":77,"column":51}},"48":{"start":{"line":79,"column":5},"end":{"line":84,"column":7}},"49":{"start":{"line":80,"column":6},"end":{"line":80,"column":63}},"50":{"start":{"line":83,"column":6},"end":{"line":83,"column":88}},"51":{"start":{"line":85,"column":6},"end":{"line":85,"column":11}},"52":{"start":{"line":86,"column":6},"end":{"line":86,"column":12}},"53":{"start":{"line":91,"column":2},"end":{"line":91,"column":16}}},"fnMap":{"0":{"name":"(anonymous_0)","decl":{"start":{"line":11,"column":4},"end":{"line":11,"column":5}},"loc":{"start":{"line":11,"column":20},"end":{"line":26,"column":2}},"line":11},"1":{"name":"(anonymous_1)","decl":{"start":{"line":27,"column":1},"end":{"line":27,"column":2}},"loc":{"start":{"line":27,"column":15},"end":{"line":34,"column":2}},"line":27},"2":{"name":"(anonymous_2)","decl":{"start":{"line":35,"column":1},"end":{"line":35,"column":2}},"loc":{"start":{"line":35,"column":10},"end":{"line":92,"column":2}},"line":35}},"branchMap":{"0":{"loc":{"start":{"line":39,"column":3},"end":{"line":52,"column":4}},"type":"if","locations":[{"start":{"line":39,"column":3},"end":{"line":52,"column":4}},{"start":{"line":39,"column":3},"end":{"line":52,"column":4}}],"line":39},"1":{"loc":{"start":{"line":40,"column":4},"end":{"line":48,"column":5}},"type":"if","locations":[{"start":{"line":40,"column":4},"end":{"line":48,"column":5}},{"start":{"line":40,"column":4},"end":{"line":48,"column":5}}],"line":40},"2":{"loc":{"start":{"line":40,"column":7},"end":{"line":40,"column":221}},"type":"binary-expr","locations":[{"start":{"line":40,"column":7},"end":{"line":40,"column":22}},{"start":{"line":40,"column":26},"end":{"line":40,"column":41}},{"start":{"line":40,"column":45},"end":{"line":40,"column":61}},{"start":{"line":40,"column":65},"end":{"line":40,"column":81}},{"start":{"line":40,"column":85},"end":{"line":40,"column":101}},{"start":{"line":40,"column":105},"end":{"line":40,"column":121}},{"start":{"line":40,"column":125},"end":{"line":40,"column":141}},{"start":{"line":40,"column":145},"end":{"line":40,"column":161}},{"start":{"line":40,"column":165},"end":{"line":40,"column":181}},{"start":{"line":40,"column":185},"end":{"line":40,"column":201}},{"start":{"line":40,"column":205},"end":{"line":40,"column":221}}],"line":40},"3":{"loc":{"start":{"line":43,"column":9},"end":{"line":48,"column":5}},"type":"if","locations":[{"start":{"line":43,"column":9},"end":{"line":48,"column":5}},{"start":{"line":43,"column":9},"end":{"line":48,"column":5}}],"line":43},"4":{"loc":{"start":{"line":43,"column":12},"end":{"line":43,"column":139}},"type":"binary-expr","locations":[{"start":{"line":43,"column":13},"end":{"line":43,"column":46}},{"start":{"line":43,"column":50},"end":{"line":43,"column":83}},{"start":{"line":43,"column":87},"end":{"line":43,"column":120}},{"start":{"line":43,"column":125},"end":{"line":43,"column":139}}],"line":43},"5":{"loc":{"start":{"line":53,"column":3},"end":{"line":88,"column":4}},"type":"if","locations":[{"start":{"line":53,"column":3},"end":{"line":88,"column":4}},{"start":{"line":53,"column":3},"end":{"line":88,"column":4}}],"line":53},"6":{"loc":{"start":{"line":54,"column":4},"end":{"line":87,"column":5}},"type":"switch","locations":[{"start":{"line":55,"column":5},"end":{"line":56,"column":12}},{"start":{"line":57,"column":5},"end":{"line":67,"column":12}},{"start":{"line":68,"column":5},"end":{"line":69,"column":12}},{"start":{"line":70,"column":5},"end":{"line":72,"column":12}},{"start":{"line":73,"column":5},"end":{"line":86,"column":12}}],"line":54},"7":{"loc":{"start":{"line":57,"column":12},"end":{"line":66,"column":7}},"type":"if","locations":[{"start":{"line":57,"column":12},"end":{"line":66,"column":7}},{"start":{"line":57,"column":12},"end":{"line":66,"column":7}}],"line":57},"8":{"loc":{"start":{"line":57,"column":15},"end":{"line":57,"column":39}},"type":"binary-expr","locations":[{"start":{"line":57,"column":15},"end":{"line":57,"column":24}},{"start":{"line":57,"column":28},"end":{"line":57,"column":39}}],"line":57},"9":{"loc":{"start":{"line":61,"column":10},"end":{"line":66,"column":7}},"type":"if","locations":[{"start":{"line":61,"column":10},"end":{"line":66,"column":7}},{"start":{"line":61,"column":10},"end":{"line":66,"column":7}}],"line":61},"10":{"loc":{"start":{"line":73,"column":12},"end":{"line":78,"column":7}},"type":"if","locations":[{"start":{"line":73,"column":12},"end":{"line":78,"column":7}},{"start":{"line":73,"column":12},"end":{"line":78,"column":7}}],"line":73},"11":{"loc":{"start":{"line":79,"column":5},"end":{"line":84,"column":7}},"type":"if","locations":[{"start":{"line":79,"column":5},"end":{"line":84,"column":7}},{"start":{"line":79,"column":5},"end":{"line":84,"column":7}}],"line":79},"12":{"loc":{"start":{"line":79,"column":8},"end":{"line":79,"column":34}},"type":"binary-expr","locations":[{"start":{"line":79,"column":8},"end":{"line":79,"column":19}},{"start":{"line":79,"column":23},"end":{"line":79,"column":34}}],"line":79}},"s":{"0":16,"1":16,"2":16,"3":16,"4":16,"5":16,"6":16,"7":16,"8":16,"9":16,"10":16,"11":16,"12":16,"13":16,"14":4,"15":4,"16":4,"17":4,"18":4,"19":11,"20":11,"21":11,"22":19,"23":2,"24":0,"25":2,"26":0,"27":2,"28":17,"29":19,"30":16,"31":11,"32":11,"33":3,"34":0,"35":0,"36":3,"37":0,"38":3,"39":3,"40":2,"41":2,"42":0,"43":0,"44":0,"45":0,"46":0,"47":0,"48":0,"49":0,"50":0,"51":0,"52":0,"53":11},"f":{"0":16,"1":4,"2":11},"b":{"0":[2,17],"1":[0,2],"2":[2,2,2,2,2,2,2,2,2,2,2],"3":[0,2],"4":[2,1,1,1],"5":[16,3],"6":[11,3,2,0,0],"7":[0,3],"8":[3,0],"9":[0,3],"10":[0,0],"11":[0,0],"12":[0,0]},"_coverageSchema":"332fd63041d2c1bcb487cc26dd0d5f7d97098a6c","hash":"6507b9d235a03afae9bfc16ad518598d60e33f13"}
,"/home/ankitachatterjee/Desktop/Number-To-Text-Converter/src/replace.js": {"path":"/home/ankitachatterjee/Desktop/Number-To-Text-Converter/src/replace.js","statementMap":{"0":{"start":{"line":4,"column":8},"end":{"line":4,"column":21}},"1":{"start":{"line":5,"column":8},"end":{"line":5,"column":21}},"2":{"start":{"line":6,"column":8},"end":{"line":6,"column":33}},"3":{"start":{"line":7,"column":8},"end":{"line":7,"column":21}},"4":{"start":{"line":10,"column":8},"end":{"line":10,"column":67}},"5":{"start":{"line":11,"column":8},"end":{"line":11,"column":21}},"6":{"start":{"line":12,"column":8},"end":{"line":15,"column":9}},"7":{"start":{"line":13,"column":11},"end":{"line":13,"column":69}}},"fnMap":{"0":{"name":"(anonymous_0)","decl":{"start":{"line":3,"column":4},"end":{"line":3,"column":5}},"loc":{"start":{"line":3,"column":34},"end":{"line":8,"column":5}},"line":3},"1":{"name":"(anonymous_1)","decl":{"start":{"line":9,"column":4},"end":{"line":9,"column":5}},"loc":{"start":{"line":9,"column":13},"end":{"line":16,"column":5}},"line":9}},"branchMap":{"0":{"loc":{"start":{"line":12,"column":8},"end":{"line":15,"column":9}},"type":"if","locations":[{"start":{"line":12,"column":8},"end":{"line":15,"column":9}},{"start":{"line":12,"column":8},"end":{"line":15,"column":9}}],"line":12}},"s":{"0":5,"1":5,"2":5,"3":5,"4":0,"5":0,"6":0,"7":0},"f":{"0":5,"1":0},"b":{"0":[0,0]},"_coverageSchema":"332fd63041d2c1bcb487cc26dd0d5f7d97098a6c","hash":"8fef096a16b580fe929548776ee468731afc78d8"}
,"/home/ankitachatterjee/Desktop/Number-To-Text-Converter/src/time.js": {"path":"/home/ankitachatterjee/Desktop/Number-To-Text-Converter/src/time.js","statementMap":{"0":{"start":{"line":6,"column":8},"end":{"line":6,"column":21}},"1":{"start":{"line":7,"column":8},"end":{"line":7,"column":19}},"2":{"start":{"line":8,"column":8},"end":{"line":8,"column":20}},"3":{"start":{"line":9,"column":8},"end":{"line":9,"column":20}},"4":{"start":{"line":10,"column":8},"end":{"line":10,"column":22}},"5":{"start":{"line":11,"column":8},"end":{"line":11,"column":26}},"6":{"start":{"line":12,"column":8},"end":{"line":12,"column":21}},"7":{"start":{"line":15,"column":8},"end":{"line":15,"column":41}},"8":{"start":{"line":18,"column":8},"end":{"line":46,"column":9}},"9":{"start":{"line":19,"column":18},"end":{"line":19,"column":19}},"10":{"start":{"line":20,"column":12},"end":{"line":31,"column":13}},"11":{"start":{"line":21,"column":16},"end":{"line":21,"column":38}},"12":{"start":{"line":22,"column":16},"end":{"line":22,"column":39}},"13":{"start":{"line":23,"column":16},"end":{"line":23,"column":75}},"14":{"start":{"line":25,"column":17},"end":{"line":31,"column":13}},"15":{"start":{"line":26,"column":16},"end":{"line":26,"column":38}},"16":{"start":{"line":27,"column":16},"end":{"line":27,"column":75}},"17":{"start":{"line":30,"column":16},"end":{"line":30,"column":74}},"18":{"start":{"line":34,"column":12},"end":{"line":45,"column":13}},"19":{"start":{"line":35,"column":16},"end":{"line":35,"column":38}},"20":{"start":{"line":36,"column":16},"end":{"line":36,"column":39}},"21":{"start":{"line":37,"column":16},"end":{"line":37,"column":39}},"22":{"start":{"line":39,"column":17},"end":{"line":45,"column":13}},"23":{"start":{"line":40,"column":16},"end":{"line":40,"column":38}},"24":{"start":{"line":41,"column":16},"end":{"line":41,"column":39}},"25":{"start":{"line":44,"column":16},"end":{"line":44,"column":38}},"26":{"start":{"line":47,"column":19},"end":{"line":47,"column":41}},"27":{"start":{"line":48,"column":8},"end":{"line":62,"column":9}},"28":{"start":{"line":49,"column":12},"end":{"line":49,"column":47}},"29":{"start":{"line":50,"column":23},"end":{"line":50,"column":46}},"30":{"start":{"line":51,"column":12},"end":{"line":58,"column":13}},"31":{"start":{"line":52,"column":16},"end":{"line":52,"column":51}},"32":{"start":{"line":53,"column":27},"end":{"line":53,"column":50}},"33":{"start":{"line":54,"column":16},"end":{"line":54,"column":47}},"34":{"start":{"line":57,"column":16},"end":{"line":57,"column":46}},"35":{"start":{"line":61,"column":12},"end":{"line":61,"column":42}},"36":{"start":{"line":63,"column":18},"end":{"line":63,"column":64}},"37":{"start":{"line":64,"column":8},"end":{"line":64,"column":22}},"38":{"start":{"line":67,"column":19},"end":{"line":67,"column":41}},"39":{"start":{"line":68,"column":8},"end":{"line":68,"column":43}},"40":{"start":{"line":69,"column":19},"end":{"line":69,"column":42}},"41":{"start":{"line":70,"column":8},"end":{"line":70,"column":43}},"42":{"start":{"line":71,"column":19},"end":{"line":71,"column":42}},"43":{"start":{"line":72,"column":8},"end":{"line":72,"column":39}},"44":{"start":{"line":73,"column":8},"end":{"line":73,"column":30}}},"fnMap":{"0":{"name":"(anonymous_0)","decl":{"start":{"line":5,"column":4},"end":{"line":5,"column":5}},"loc":{"start":{"line":5,"column":24},"end":{"line":13,"column":5}},"line":5},"1":{"name":"(anonymous_1)","decl":{"start":{"line":14,"column":4},"end":{"line":14,"column":5}},"loc":{"start":{"line":14,"column":15},"end":{"line":16,"column":5}},"line":14},"2":{"name":"(anonymous_2)","decl":{"start":{"line":17,"column":4},"end":{"line":17,"column":5}},"loc":{"start":{"line":17,"column":13},"end":{"line":65,"column":5}},"line":17},"3":{"name":"(anonymous_3)","decl":{"start":{"line":66,"column":4},"end":{"line":66,"column":5}},"loc":{"start":{"line":66,"column":12},"end":{"line":74,"column":5}},"line":66}},"branchMap":{"0":{"loc":{"start":{"line":18,"column":8},"end":{"line":46,"column":9}},"type":"if","locations":[{"start":{"line":18,"column":8},"end":{"line":46,"column":9}},{"start":{"line":18,"column":8},"end":{"line":46,"column":9}}],"line":18},"1":{"loc":{"start":{"line":20,"column":12},"end":{"line":31,"column":13}},"type":"if","locations":[{"start":{"line":20,"column":12},"end":{"line":31,"column":13}},{"start":{"line":20,"column":12},"end":{"line":31,"column":13}}],"line":20},"2":{"loc":{"start":{"line":25,"column":17},"end":{"line":31,"column":13}},"type":"if","locations":[{"start":{"line":25,"column":17},"end":{"line":31,"column":13}},{"start":{"line":25,"column":17},"end":{"line":31,"column":13}}],"line":25},"3":{"loc":{"start":{"line":34,"column":12},"end":{"line":45,"column":13}},"type":"if","locations":[{"start":{"line":34,"column":12},"end":{"line":45,"column":13}},{"start":{"line":34,"column":12},"end":{"line":45,"column":13}}],"line":34},"4":{"loc":{"start":{"line":39,"column":17},"end":{"line":45,"column":13}},"type":"if","locations":[{"start":{"line":39,"column":17},"end":{"line":45,"column":13}},{"start":{"line":39,"column":17},"end":{"line":45,"column":13}}],"line":39},"5":{"loc":{"start":{"line":48,"column":8},"end":{"line":62,"column":9}},"type":"if","locations":[{"start":{"line":48,"column":8},"end":{"line":62,"column":9}},{"start":{"line":48,"column":8},"end":{"line":62,"column":9}}],"line":48},"6":{"loc":{"start":{"line":51,"column":12},"end":{"line":58,"column":13}},"type":"if","locations":[{"start":{"line":51,"column":12},"end":{"line":58,"column":13}},{"start":{"line":51,"column":12},"end":{"line":58,"column":13}}],"line":51}},"s":{"0":1,"1":1,"2":1,"3":1,"4":1,"5":1,"6":1,"7":0,"8":0,"9":0,"10":0,"11":0,"12":0,"13":0,"14":0,"15":0,"16":0,"17":0,"18":0,"19":0,"20":0,"21":0,"22":0,"23":0,"24":0,"25":0,"26":0,"27":0,"28":0,"29":0,"30":0,"31":0,"32":0,"33":0,"34":0,"35":0,"36":0,"37":0,"38":1,"39":1,"40":1,"41":1,"42":1,"43":1,"44":1},"f":{"0":1,"1":0,"2":0,"3":1},"b":{"0":[0,0],"1":[0,0],"2":[0,0],"3":[0,0],"4":[0,0],"5":[0,0],"6":[0,0]},"_coverageSchema":"332fd63041d2c1bcb487cc26dd0d5f7d97098a6c","hash":"ade684f9eb255dbb3fda0bb5dca911ae9813f7cf"}
}
