{"/home/ankitachatterjee/Desktop/Number-To-Text-Converter/src/cardinal.js": {"path":"/home/ankitachatterjee/Desktop/Number-To-Text-Converter/src/cardinal.js","statementMap":{"0":{"start":{"line":12,"column":2},"end":{"line":12,"column":15}},"1":{"start":{"line":13,"column":2},"end":{"line":13,"column":17}},"2":{"start":{"line":14,"column":2},"end":{"line":14,"column":15}},"3":{"start":{"line":17,"column":12},"end":{"line":17,"column":35}},"4":{"start":{"line":18,"column":2},"end":{"line":18,"column":28}},"5":{"start":{"line":19,"column":13},"end":{"line":19,"column":56}},"6":{"start":{"line":20,"column":2},"end":{"line":20,"column":17}},"7":{"start":{"line":23,"column":12},"end":{"line":23,"column":35}},"8":{"start":{"line":24,"column":2},"end":{"line":24,"column":28}},"9":{"start":{"line":25,"column":2},"end":{"line":25,"column":21}}},"fnMap":{"0":{"name":"(anonymous_0)","decl":{"start":{"line":11,"column":1},"end":{"line":11,"column":2}},"loc":{"start":{"line":11,"column":21},"end":{"line":15,"column":2}},"line":11},"1":{"name":"(anonymous_1)","decl":{"start":{"line":16,"column":1},"end":{"line":16,"column":2}},"loc":{"start":{"line":16,"column":7},"end":{"line":21,"column":2}},"line":16},"2":{"name":"(anonymous_2)","decl":{"start":{"line":22,"column":1},"end":{"line":22,"column":2}},"loc":{"start":{"line":22,"column":9},"end":{"line":26,"column":2}},"line":22}},"branchMap":{},"s":{"0":1,"1":1,"2":1,"3":0,"4":0,"5":0,"6":0,"7":1,"8":1,"9":1},"f":{"0":1,"1":0,"2":1},"b":{},"_coverageSchema":"332fd63041d2c1bcb487cc26dd0d5f7d97098a6c","hash":"b30664441c46eea940f66a4861293393249d28be"}
,"/home/ankitachatterjee/Desktop/Number-To-Text-Converter/src/date.js": {"path":"/home/ankitachatterjee/Desktop/Number-To-Text-Converter/src/date.js","statementMap":{"0":{"start":{"line":16,"column":2},"end":{"line":16,"column":15}},"1":{"start":{"line":17,"column":2},"end":{"line":17,"column":16}},"2":{"start":{"line":18,"column":2},"end":{"line":18,"column":15}},"3":{"start":{"line":19,"column":2},"end":{"line":19,"column":16}},"4":{"start":{"line":20,"column":2},"end":{"line":20,"column":14}},"5":{"start":{"line":21,"column":2},"end":{"line":21,"column":20}},"6":{"start":{"line":22,"column":2},"end":{"line":22,"column":15}},"7":{"start":{"line":25,"column":2},"end":{"line":25,"column":37}},"8":{"start":{"line":28,"column":2},"end":{"line":37,"column":3}},"9":{"start":{"line":29,"column":3},"end":{"line":29,"column":27}},"10":{"start":{"line":30,"column":3},"end":{"line":30,"column":28}},"11":{"start":{"line":31,"column":3},"end":{"line":31,"column":26}},"12":{"start":{"line":33,"column":7},"end":{"line":37,"column":3}},"13":{"start":{"line":34,"column":3},"end":{"line":34,"column":27}},"14":{"start":{"line":35,"column":3},"end":{"line":35,"column":28}},"15":{"start":{"line":36,"column":3},"end":{"line":36,"column":26}},"16":{"start":{"line":38,"column":12},"end":{"line":38,"column":36}},"17":{"start":{"line":39,"column":2},"end":{"line":39,"column":36}},"18":{"start":{"line":40,"column":13},"end":{"line":40,"column":38}},"19":{"start":{"line":41,"column":2},"end":{"line":41,"column":37}},"20":{"start":{"line":42,"column":13},"end":{"line":42,"column":36}},"21":{"start":{"line":43,"column":2},"end":{"line":43,"column":33}},"22":{"start":{"line":44,"column":13},"end":{"line":44,"column":59}},"23":{"start":{"line":45,"column":2},"end":{"line":45,"column":17}},"24":{"start":{"line":48,"column":12},"end":{"line":48,"column":36}},"25":{"start":{"line":49,"column":2},"end":{"line":49,"column":36}},"26":{"start":{"line":50,"column":13},"end":{"line":50,"column":38}},"27":{"start":{"line":51,"column":2},"end":{"line":51,"column":37}},"28":{"start":{"line":52,"column":13},"end":{"line":52,"column":36}},"29":{"start":{"line":53,"column":2},"end":{"line":53,"column":33}},"30":{"start":{"line":54,"column":2},"end":{"line":54,"column":24}}},"fnMap":{"0":{"name":"(anonymous_0)","decl":{"start":{"line":15,"column":1},"end":{"line":15,"column":2}},"loc":{"start":{"line":15,"column":21},"end":{"line":23,"column":2}},"line":15},"1":{"name":"(anonymous_1)","decl":{"start":{"line":24,"column":1},"end":{"line":24,"column":2}},"loc":{"start":{"line":24,"column":12},"end":{"line":26,"column":2}},"line":24},"2":{"name":"(anonymous_2)","decl":{"start":{"line":27,"column":1},"end":{"line":27,"column":2}},"loc":{"start":{"line":27,"column":10},"end":{"line":46,"column":2}},"line":27},"3":{"name":"(anonymous_3)","decl":{"start":{"line":47,"column":1},"end":{"line":47,"column":2}},"loc":{"start":{"line":47,"column":9},"end":{"line":55,"column":2}},"line":47}},"branchMap":{"0":{"loc":{"start":{"line":28,"column":2},"end":{"line":37,"column":3}},"type":"if","locations":[{"start":{"line":28,"column":2},"end":{"line":37,"column":3}},{"start":{"line":28,"column":2},"end":{"line":37,"column":3}}],"line":28},"1":{"loc":{"start":{"line":33,"column":7},"end":{"line":37,"column":3}},"type":"if","locations":[{"start":{"line":33,"column":7},"end":{"line":37,"column":3}},{"start":{"line":33,"column":7},"end":{"line":37,"column":3}}],"line":33}},"s":{"0":1,"1":1,"2":1,"3":1,"4":1,"5":1,"6":1,"7":0,"8":0,"9":0,"10":0,"11":0,"12":0,"13":0,"14":0,"15":0,"16":0,"17":0,"18":0,"19":0,"20":0,"21":0,"22":0,"23":0,"24":1,"25":1,"26":1,"27":1,"28":1,"29":1,"30":1},"f":{"0":1,"1":0,"2":0,"3":1},"b":{"0":[0,0],"1":[0,0]},"_coverageSchema":"332fd63041d2c1bcb487cc26dd0d5f7d97098a6c","hash":"bd3a38d5256b2319dfd87225a5210d4b710e62ac"}
,"/home/ankitachatterjee/Desktop/Number-To-Text-Converter/src/decimal.js": {"path":"/home/ankitachatterjee/Desktop/Number-To-Text-Converter/src/decimal.js","statementMap":{"0":{"start":{"line":14,"column":2},"end":{"line":14,"column":15}},"1":{"start":{"line":15,"column":2},"end":{"line":15,"column":24}},"2":{"start":{"line":16,"column":2},"end":{"line":16,"column":23}},"3":{"start":{"line":17,"column":2},"end":{"line":17,"column":20}},"4":{"start":{"line":18,"column":2},"end":{"line":18,"column":15}},"5":{"start":{"line":21,"column":8},"end":{"line":21,"column":9}},"6":{"start":{"line":22,"column":2},"end":{"line":24,"column":3}},"7":{"start":{"line":23,"column":3},"end":{"line":23,"column":7}},"8":{"start":{"line":25,"column":2},"end":{"line":25,"column":45}},"9":{"start":{"line":26,"column":2},"end":{"line":26,"column":44}},"10":{"start":{"line":27,"column":2},"end":{"line":32,"column":3}},"11":{"start":{"line":28,"column":3},"end":{"line":28,"column":7}},"12":{"start":{"line":29,"column":3},"end":{"line":31,"column":4}},"13":{"start":{"line":30,"column":4},"end":{"line":30,"column":8}},"14":{"start":{"line":33,"column":13},"end":{"line":33,"column":46}},"15":{"start":{"line":34,"column":2},"end":{"line":34,"column":37}},"16":{"start":{"line":35,"column":13},"end":{"line":35,"column":60}},"17":{"start":{"line":36,"column":2},"end":{"line":36,"column":64}},"18":{"start":{"line":37,"column":13},"end":{"line":37,"column":59}},"19":{"start":{"line":38,"column":2},"end":{"line":38,"column":17}},"20":{"start":{"line":41,"column":13},"end":{"line":41,"column":46}},"21":{"start":{"line":42,"column":2},"end":{"line":42,"column":37}},"22":{"start":{"line":43,"column":13},"end":{"line":43,"column":45}},"23":{"start":{"line":44,"column":2},"end":{"line":44,"column":33}},"24":{"start":{"line":45,"column":2},"end":{"line":45,"column":24}}},"fnMap":{"0":{"name":"(anonymous_0)","decl":{"start":{"line":13,"column":1},"end":{"line":13,"column":2}},"loc":{"start":{"line":13,"column":21},"end":{"line":19,"column":2}},"line":13},"1":{"name":"(anonymous_1)","decl":{"start":{"line":20,"column":1},"end":{"line":20,"column":2}},"loc":{"start":{"line":20,"column":10},"end":{"line":39,"column":2}},"line":20},"2":{"name":"(anonymous_2)","decl":{"start":{"line":40,"column":1},"end":{"line":40,"column":2}},"loc":{"start":{"line":40,"column":9},"end":{"line":46,"column":2}},"line":40}},"branchMap":{"0":{"loc":{"start":{"line":27,"column":2},"end":{"line":32,"column":3}},"type":"if","locations":[{"start":{"line":27,"column":2},"end":{"line":32,"column":3}},{"start":{"line":27,"column":2},"end":{"line":32,"column":3}}],"line":27}},"s":{"0":1,"1":1,"2":1,"3":1,"4":1,"5":0,"6":0,"7":0,"8":0,"9":0,"10":0,"11":0,"12":0,"13":0,"14":0,"15":0,"16":0,"17":0,"18":0,"19":0,"20":1,"21":1,"22":1,"23":1,"24":1},"f":{"0":1,"1":0,"2":1},"b":{"0":[0,0]},"_coverageSchema":"332fd63041d2c1bcb487cc26dd0d5f7d97098a6c","hash":"da2c49d56a3267ef557684900d79cdf2f56495c2"}
,"/home/ankitachatterjee/Desktop/Number-To-Text-Converter/src/fraction.js": {"path":"/home/ankitachatterjee/Desktop/Number-To-Text-Converter/src/fraction.js","statementMap":{"0":{"start":{"line":14,"column":2},"end":{"line":14,"column":15}},"1":{"start":{"line":15,"column":2},"end":{"line":15,"column":19}},"2":{"start":{"line":16,"column":2},"end":{"line":16,"column":19}},"3":{"start":{"line":17,"column":2},"end":{"line":17,"column":20}},"4":{"start":{"line":18,"column":2},"end":{"line":18,"column":15}},"5":{"start":{"line":21,"column":8},"end":{"line":21,"column":9}},"6":{"start":{"line":22,"column":2},"end":{"line":24,"column":3}},"7":{"start":{"line":23,"column":3},"end":{"line":23,"column":7}},"8":{"start":{"line":25,"column":2},"end":{"line":25,"column":40}},"9":{"start":{"line":26,"column":2},"end":{"line":26,"column":40}},"10":{"start":{"line":27,"column":13},"end":{"line":27,"column":41}},"11":{"start":{"line":28,"column":2},"end":{"line":28,"column":37}},"12":{"start":{"line":29,"column":13},"end":{"line":29,"column":41}},"13":{"start":{"line":30,"column":2},"end":{"line":30,"column":33}},"14":{"start":{"line":31,"column":13},"end":{"line":31,"column":59}},"15":{"start":{"line":32,"column":2},"end":{"line":32,"column":17}},"16":{"start":{"line":35,"column":13},"end":{"line":35,"column":41}},"17":{"start":{"line":36,"column":2},"end":{"line":36,"column":37}},"18":{"start":{"line":37,"column":13},"end":{"line":37,"column":41}},"19":{"start":{"line":38,"column":2},"end":{"line":38,"column":33}},"20":{"start":{"line":39,"column":2},"end":{"line":39,"column":24}}},"fnMap":{"0":{"name":"(anonymous_0)","decl":{"start":{"line":13,"column":1},"end":{"line":13,"column":2}},"loc":{"start":{"line":13,"column":21},"end":{"line":19,"column":2}},"line":13},"1":{"name":"(anonymous_1)","decl":{"start":{"line":20,"column":1},"end":{"line":20,"column":2}},"loc":{"start":{"line":20,"column":10},"end":{"line":33,"column":2}},"line":20},"2":{"name":"(anonymous_2)","decl":{"start":{"line":34,"column":1},"end":{"line":34,"column":2}},"loc":{"start":{"line":34,"column":9},"end":{"line":40,"column":2}},"line":34}},"branchMap":{},"s":{"0":1,"1":1,"2":1,"3":1,"4":1,"5":0,"6":0,"7":0,"8":0,"9":0,"10":0,"11":0,"12":0,"13":0,"14":0,"15":0,"16":1,"17":1,"18":1,"19":1,"20":1},"f":{"0":1,"1":0,"2":1},"b":{},"_coverageSchema":"332fd63041d2c1bcb487cc26dd0d5f7d97098a6c","hash":"09d3b05bc3013f11e8192138ef0f6fc7075bf831"}
,"/home/ankitachatterjee/Desktop/Number-To-Text-Converter/src/numToWord.js": {"path":"/home/ankitachatterjee/Desktop/Number-To-Text-Converter/src/numToWord.js","statementMap":{"0":{"start":{"line":26,"column":2},"end":{"line":26,"column":15}},"1":{"start":{"line":27,"column":2},"end":{"line":27,"column":54}},"2":{"start":{"line":28,"column":2},"end":{"line":28,"column":115}},"3":{"start":{"line":29,"column":2},"end":{"line":29,"column":93}},"4":{"start":{"line":30,"column":2},"end":{"line":30,"column":62}},"5":{"start":{"line":31,"column":2},"end":{"line":31,"column":110}},"6":{"start":{"line":32,"column":2},"end":{"line":32,"column":41}},"7":{"start":{"line":33,"column":2},"end":{"line":33,"column":80}},"8":{"start":{"line":34,"column":2},"end":{"line":34,"column":469}},"9":{"start":{"line":35,"column":2},"end":{"line":35,"column":507}},"10":{"start":{"line":37,"column":2},"end":{"line":37,"column":18}},"11":{"start":{"line":38,"column":2},"end":{"line":38,"column":12}},"12":{"start":{"line":41,"column":10},"end":{"line":41,"column":11}},"13":{"start":{"line":42,"column":2},"end":{"line":45,"column":3}},"14":{"start":{"line":43,"column":3},"end":{"line":43,"column":13}},"15":{"start":{"line":44,"column":3},"end":{"line":44,"column":22}},"16":{"start":{"line":46,"column":2},"end":{"line":46,"column":13}},"17":{"start":{"line":49,"column":14},"end":{"line":49,"column":22}},"18":{"start":{"line":50,"column":2},"end":{"line":50,"column":12}},"19":{"start":{"line":51,"column":2},"end":{"line":102,"column":3}},"20":{"start":{"line":52,"column":3},"end":{"line":65,"column":4}},"21":{"start":{"line":53,"column":4},"end":{"line":61,"column":5}},"22":{"start":{"line":54,"column":5},"end":{"line":54,"column":9}},"23":{"start":{"line":56,"column":9},"end":{"line":61,"column":5}},"24":{"start":{"line":57,"column":5},"end":{"line":57,"column":9}},"25":{"start":{"line":60,"column":5},"end":{"line":60,"column":9}},"26":{"start":{"line":64,"column":4},"end":{"line":64,"column":19}},"27":{"start":{"line":66,"column":3},"end":{"line":101,"column":4}},"28":{"start":{"line":67,"column":4},"end":{"line":100,"column":5}},"29":{"start":{"line":68,"column":11},"end":{"line":68,"column":37}},"30":{"start":{"line":69,"column":5},"end":{"line":69,"column":11}},"31":{"start":{"line":70,"column":11},"end":{"line":79,"column":6}},"32":{"start":{"line":71,"column":5},"end":{"line":71,"column":32}},"33":{"start":{"line":72,"column":5},"end":{"line":72,"column":9}},"34":{"start":{"line":74,"column":10},"end":{"line":79,"column":6}},"35":{"start":{"line":75,"column":6},"end":{"line":75,"column":32}},"36":{"start":{"line":78,"column":6},"end":{"line":78,"column":36}},"37":{"start":{"line":80,"column":5},"end":{"line":80,"column":11}},"38":{"start":{"line":81,"column":11},"end":{"line":81,"column":67}},"39":{"start":{"line":82,"column":5},"end":{"line":82,"column":11}},"40":{"start":{"line":83,"column":11},"end":{"line":83,"column":91}},"41":{"start":{"line":84,"column":5},"end":{"line":84,"column":9}},"42":{"start":{"line":85,"column":5},"end":{"line":85,"column":11}},"43":{"start":{"line":86,"column":11},"end":{"line":91,"column":5}},"44":{"start":{"line":87,"column":5},"end":{"line":87,"column":60}},"45":{"start":{"line":90,"column":5},"end":{"line":90,"column":50}},"46":{"start":{"line":92,"column":5},"end":{"line":97,"column":6}},"47":{"start":{"line":93,"column":6},"end":{"line":93,"column":63}},"48":{"start":{"line":96,"column":6},"end":{"line":96,"column":88}},"49":{"start":{"line":98,"column":5},"end":{"line":98,"column":10}},"50":{"start":{"line":99,"column":5},"end":{"line":99,"column":11}},"51":{"start":{"line":104,"column":2},"end":{"line":104,"column":16}},"52":{"start":{"line":107,"column":10},"end":{"line":107,"column":18}},"53":{"start":{"line":108,"column":11},"end":{"line":108,"column":82}},"54":{"start":{"line":110,"column":2},"end":{"line":110,"column":12}},"55":{"start":{"line":111,"column":2},"end":{"line":113,"column":3}},"56":{"start":{"line":112,"column":3},"end":{"line":112,"column":28}},"57":{"start":{"line":114,"column":2},"end":{"line":114,"column":16}}},"fnMap":{"0":{"name":"(anonymous_0)","decl":{"start":{"line":25,"column":1},"end":{"line":25,"column":2}},"loc":{"start":{"line":25,"column":17},"end":{"line":39,"column":2}},"line":25},"1":{"name":"(anonymous_1)","decl":{"start":{"line":40,"column":1},"end":{"line":40,"column":2}},"loc":{"start":{"line":40,"column":15},"end":{"line":47,"column":2}},"line":40},"2":{"name":"(anonymous_2)","decl":{"start":{"line":48,"column":1},"end":{"line":48,"column":2}},"loc":{"start":{"line":48,"column":10},"end":{"line":105,"column":2}},"line":48},"3":{"name":"(anonymous_3)","decl":{"start":{"line":106,"column":1},"end":{"line":106,"column":2}},"loc":{"start":{"line":106,"column":11},"end":{"line":115,"column":2}},"line":106}},"branchMap":{"0":{"loc":{"start":{"line":52,"column":3},"end":{"line":65,"column":4}},"type":"if","locations":[{"start":{"line":52,"column":3},"end":{"line":65,"column":4}},{"start":{"line":52,"column":3},"end":{"line":65,"column":4}}],"line":52},"1":{"loc":{"start":{"line":53,"column":4},"end":{"line":61,"column":5}},"type":"if","locations":[{"start":{"line":53,"column":4},"end":{"line":61,"column":5}},{"start":{"line":53,"column":4},"end":{"line":61,"column":5}}],"line":53},"2":{"loc":{"start":{"line":53,"column":7},"end":{"line":53,"column":221}},"type":"binary-expr","locations":[{"start":{"line":53,"column":7},"end":{"line":53,"column":22}},{"start":{"line":53,"column":26},"end":{"line":53,"column":41}},{"start":{"line":53,"column":45},"end":{"line":53,"column":61}},{"start":{"line":53,"column":65},"end":{"line":53,"column":81}},{"start":{"line":53,"column":85},"end":{"line":53,"column":101}},{"start":{"line":53,"column":105},"end":{"line":53,"column":121}},{"start":{"line":53,"column":125},"end":{"line":53,"column":141}},{"start":{"line":53,"column":145},"end":{"line":53,"column":161}},{"start":{"line":53,"column":165},"end":{"line":53,"column":181}},{"start":{"line":53,"column":185},"end":{"line":53,"column":201}},{"start":{"line":53,"column":205},"end":{"line":53,"column":221}}],"line":53},"3":{"loc":{"start":{"line":56,"column":9},"end":{"line":61,"column":5}},"type":"if","locations":[{"start":{"line":56,"column":9},"end":{"line":61,"column":5}},{"start":{"line":56,"column":9},"end":{"line":61,"column":5}}],"line":56},"4":{"loc":{"start":{"line":56,"column":12},"end":{"line":56,"column":139}},"type":"binary-expr","locations":[{"start":{"line":56,"column":13},"end":{"line":56,"column":46}},{"start":{"line":56,"column":50},"end":{"line":56,"column":83}},{"start":{"line":56,"column":87},"end":{"line":56,"column":120}},{"start":{"line":56,"column":125},"end":{"line":56,"column":139}}],"line":56},"5":{"loc":{"start":{"line":66,"column":3},"end":{"line":101,"column":4}},"type":"if","locations":[{"start":{"line":66,"column":3},"end":{"line":101,"column":4}},{"start":{"line":66,"column":3},"end":{"line":101,"column":4}}],"line":66},"6":{"loc":{"start":{"line":67,"column":4},"end":{"line":100,"column":5}},"type":"switch","locations":[{"start":{"line":68,"column":4},"end":{"line":69,"column":11}},{"start":{"line":70,"column":4},"end":{"line":80,"column":11}},{"start":{"line":81,"column":4},"end":{"line":82,"column":11}},{"start":{"line":83,"column":4},"end":{"line":85,"column":11}},{"start":{"line":86,"column":4},"end":{"line":99,"column":11}}],"line":67},"7":{"loc":{"start":{"line":70,"column":11},"end":{"line":79,"column":6}},"type":"if","locations":[{"start":{"line":70,"column":11},"end":{"line":79,"column":6}},{"start":{"line":70,"column":11},"end":{"line":79,"column":6}}],"line":70},"8":{"loc":{"start":{"line":70,"column":14},"end":{"line":70,"column":38}},"type":"binary-expr","locations":[{"start":{"line":70,"column":14},"end":{"line":70,"column":23}},{"start":{"line":70,"column":27},"end":{"line":70,"column":38}}],"line":70},"9":{"loc":{"start":{"line":74,"column":10},"end":{"line":79,"column":6}},"type":"if","locations":[{"start":{"line":74,"column":10},"end":{"line":79,"column":6}},{"start":{"line":74,"column":10},"end":{"line":79,"column":6}}],"line":74},"10":{"loc":{"start":{"line":86,"column":11},"end":{"line":91,"column":5}},"type":"if","locations":[{"start":{"line":86,"column":11},"end":{"line":91,"column":5}},{"start":{"line":86,"column":11},"end":{"line":91,"column":5}}],"line":86},"11":{"loc":{"start":{"line":92,"column":5},"end":{"line":97,"column":6}},"type":"if","locations":[{"start":{"line":92,"column":5},"end":{"line":97,"column":6}},{"start":{"line":92,"column":5},"end":{"line":97,"column":6}}],"line":92},"12":{"loc":{"start":{"line":92,"column":8},"end":{"line":92,"column":34}},"type":"binary-expr","locations":[{"start":{"line":92,"column":8},"end":{"line":92,"column":19}},{"start":{"line":92,"column":23},"end":{"line":92,"column":34}}],"line":92}},"s":{"0":23,"1":23,"2":23,"3":23,"4":23,"5":23,"6":23,"7":23,"8":23,"9":23,"10":23,"11":23,"12":4,"13":4,"14":4,"15":4,"16":4,"17":13,"18":13,"19":13,"20":22,"21":2,"22":0,"23":2,"24":0,"25":2,"26":20,"27":22,"28":19,"29":13,"30":13,"31":4,"32":0,"33":0,"34":4,"35":0,"36":4,"37":4,"38":2,"39":2,"40":0,"41":0,"42":0,"43":0,"44":0,"45":0,"46":0,"47":0,"48":0,"49":0,"50":0,"51":13,"52":2,"53":2,"54":2,"55":2,"56":12,"57":2},"f":{"0":23,"1":4,"2":13,"3":2},"b":{"0":[2,20],"1":[0,2],"2":[2,2,2,2,2,2,2,2,2,2,2],"3":[0,2],"4":[2,1,1,1],"5":[19,3],"6":[13,4,2,0,0],"7":[0,4],"8":[4,0],"9":[0,4],"10":[0,0],"11":[0,0],"12":[0,0]},"_coverageSchema":"332fd63041d2c1bcb487cc26dd0d5f7d97098a6c","hash":"7fdb81564a40fa9091ef3115741f2a1ca32e4733"}
,"/home/ankitachatterjee/Desktop/Number-To-Text-Converter/src/ordinal.js": {"path":"/home/ankitachatterjee/Desktop/Number-To-Text-Converter/src/ordinal.js","statementMap":{"0":{"start":{"line":14,"column":2},"end":{"line":14,"column":15}},"1":{"start":{"line":15,"column":2},"end":{"line":15,"column":20}},"2":{"start":{"line":16,"column":2},"end":{"line":16,"column":19}},"3":{"start":{"line":17,"column":2},"end":{"line":17,"column":20}},"4":{"start":{"line":18,"column":2},"end":{"line":18,"column":15}},"5":{"start":{"line":21,"column":11},"end":{"line":21,"column":82}},"6":{"start":{"line":22,"column":14},"end":{"line":22,"column":109}},"7":{"start":{"line":23,"column":2},"end":{"line":23,"column":57}},"8":{"start":{"line":24,"column":2},"end":{"line":24,"column":54}},"9":{"start":{"line":25,"column":12},"end":{"line":25,"column":41}},"10":{"start":{"line":26,"column":2},"end":{"line":26,"column":32}},"11":{"start":{"line":27,"column":10},"end":{"line":27,"column":35}},"12":{"start":{"line":28,"column":2},"end":{"line":60,"column":3}},"13":{"start":{"line":29,"column":3},"end":{"line":29,"column":27}},"14":{"start":{"line":31,"column":7},"end":{"line":60,"column":3}},"15":{"start":{"line":32,"column":3},"end":{"line":32,"column":29}},"16":{"start":{"line":33,"column":3},"end":{"line":33,"column":32}},"17":{"start":{"line":35,"column":7},"end":{"line":60,"column":3}},"18":{"start":{"line":36,"column":3},"end":{"line":36,"column":30}},"19":{"start":{"line":37,"column":3},"end":{"line":37,"column":32}},"20":{"start":{"line":39,"column":7},"end":{"line":60,"column":3}},"21":{"start":{"line":40,"column":3},"end":{"line":40,"column":30}},"22":{"start":{"line":41,"column":3},"end":{"line":41,"column":32}},"23":{"start":{"line":43,"column":7},"end":{"line":60,"column":3}},"24":{"start":{"line":44,"column":3},"end":{"line":44,"column":29}},"25":{"start":{"line":45,"column":3},"end":{"line":45,"column":32}},"26":{"start":{"line":47,"column":7},"end":{"line":60,"column":3}},"27":{"start":{"line":48,"column":3},"end":{"line":48,"column":29}},"28":{"start":{"line":49,"column":3},"end":{"line":49,"column":32}},"29":{"start":{"line":51,"column":7},"end":{"line":60,"column":3}},"30":{"start":{"line":52,"column":9},"end":{"line":52,"column":10}},"31":{"start":{"line":53,"column":3},"end":{"line":55,"column":4}},"32":{"start":{"line":54,"column":4},"end":{"line":54,"column":8}},"33":{"start":{"line":56,"column":3},"end":{"line":56,"column":32}},"34":{"start":{"line":59,"column":3},"end":{"line":59,"column":33}},"35":{"start":{"line":61,"column":13},"end":{"line":61,"column":59}},"36":{"start":{"line":62,"column":2},"end":{"line":62,"column":17}},"37":{"start":{"line":65,"column":13},"end":{"line":65,"column":42}},"38":{"start":{"line":66,"column":2},"end":{"line":66,"column":47}},"39":{"start":{"line":67,"column":2},"end":{"line":67,"column":24}}},"fnMap":{"0":{"name":"(anonymous_0)","decl":{"start":{"line":13,"column":1},"end":{"line":13,"column":2}},"loc":{"start":{"line":13,"column":21},"end":{"line":19,"column":2}},"line":13},"1":{"name":"(anonymous_1)","decl":{"start":{"line":20,"column":1},"end":{"line":20,"column":2}},"loc":{"start":{"line":20,"column":10},"end":{"line":63,"column":2}},"line":20},"2":{"name":"(anonymous_2)","decl":{"start":{"line":64,"column":1},"end":{"line":64,"column":2}},"loc":{"start":{"line":64,"column":9},"end":{"line":68,"column":2}},"line":64}},"branchMap":{"0":{"loc":{"start":{"line":28,"column":2},"end":{"line":60,"column":3}},"type":"if","locations":[{"start":{"line":28,"column":2},"end":{"line":60,"column":3}},{"start":{"line":28,"column":2},"end":{"line":60,"column":3}}],"line":28},"1":{"loc":{"start":{"line":31,"column":7},"end":{"line":60,"column":3}},"type":"if","locations":[{"start":{"line":31,"column":7},"end":{"line":60,"column":3}},{"start":{"line":31,"column":7},"end":{"line":60,"column":3}}],"line":31},"2":{"loc":{"start":{"line":35,"column":7},"end":{"line":60,"column":3}},"type":"if","locations":[{"start":{"line":35,"column":7},"end":{"line":60,"column":3}},{"start":{"line":35,"column":7},"end":{"line":60,"column":3}}],"line":35},"3":{"loc":{"start":{"line":39,"column":7},"end":{"line":60,"column":3}},"type":"if","locations":[{"start":{"line":39,"column":7},"end":{"line":60,"column":3}},{"start":{"line":39,"column":7},"end":{"line":60,"column":3}}],"line":39},"4":{"loc":{"start":{"line":43,"column":7},"end":{"line":60,"column":3}},"type":"if","locations":[{"start":{"line":43,"column":7},"end":{"line":60,"column":3}},{"start":{"line":43,"column":7},"end":{"line":60,"column":3}}],"line":43},"5":{"loc":{"start":{"line":47,"column":7},"end":{"line":60,"column":3}},"type":"if","locations":[{"start":{"line":47,"column":7},"end":{"line":60,"column":3}},{"start":{"line":47,"column":7},"end":{"line":60,"column":3}}],"line":47},"6":{"loc":{"start":{"line":51,"column":7},"end":{"line":60,"column":3}},"type":"if","locations":[{"start":{"line":51,"column":7},"end":{"line":60,"column":3}},{"start":{"line":51,"column":7},"end":{"line":60,"column":3}}],"line":51}},"s":{"0":1,"1":1,"2":1,"3":1,"4":1,"5":0,"6":0,"7":0,"8":0,"9":0,"10":0,"11":0,"12":0,"13":0,"14":0,"15":0,"16":0,"17":0,"18":0,"19":0,"20":0,"21":0,"22":0,"23":0,"24":0,"25":0,"26":0,"27":0,"28":0,"29":0,"30":0,"31":0,"32":0,"33":0,"34":0,"35":0,"36":0,"37":1,"38":1,"39":1},"f":{"0":1,"1":0,"2":1},"b":{"0":[0,0],"1":[0,0],"2":[0,0],"3":[0,0],"4":[0,0],"5":[0,0],"6":[0,0]},"_coverageSchema":"332fd63041d2c1bcb487cc26dd0d5f7d97098a6c","hash":"5fb7e87dfa34c5a39701f3ee15f409cffbfc6749"}
,"/home/ankitachatterjee/Desktop/Number-To-Text-Converter/src/phoneNo.js": {"path":"/home/ankitachatterjee/Desktop/Number-To-Text-Converter/src/phoneNo.js","statementMap":{"0":{"start":{"line":14,"column":2},"end":{"line":14,"column":15}},"1":{"start":{"line":15,"column":2},"end":{"line":15,"column":20}},"2":{"start":{"line":16,"column":2},"end":{"line":16,"column":18}},"3":{"start":{"line":17,"column":2},"end":{"line":17,"column":20}},"4":{"start":{"line":18,"column":2},"end":{"line":18,"column":15}},"5":{"start":{"line":21,"column":8},"end":{"line":21,"column":9}},"6":{"start":{"line":22,"column":2},"end":{"line":24,"column":3}},"7":{"start":{"line":23,"column":3},"end":{"line":23,"column":7}},"8":{"start":{"line":25,"column":2},"end":{"line":25,"column":41}},"9":{"start":{"line":26,"column":2},"end":{"line":26,"column":39}},"10":{"start":{"line":27,"column":13},"end":{"line":27,"column":42}},"11":{"start":{"line":28,"column":2},"end":{"line":28,"column":41}},"12":{"start":{"line":29,"column":13},"end":{"line":29,"column":40}},"13":{"start":{"line":30,"column":2},"end":{"line":30,"column":34}},"14":{"start":{"line":31,"column":12},"end":{"line":31,"column":58}},"15":{"start":{"line":32,"column":2},"end":{"line":32,"column":16}},"16":{"start":{"line":35,"column":13},"end":{"line":35,"column":42}},"17":{"start":{"line":36,"column":2},"end":{"line":36,"column":41}},"18":{"start":{"line":37,"column":13},"end":{"line":37,"column":40}},"19":{"start":{"line":38,"column":2},"end":{"line":38,"column":34}},"20":{"start":{"line":39,"column":2},"end":{"line":39,"column":24}}},"fnMap":{"0":{"name":"(anonymous_0)","decl":{"start":{"line":13,"column":1},"end":{"line":13,"column":2}},"loc":{"start":{"line":13,"column":21},"end":{"line":19,"column":2}},"line":13},"1":{"name":"(anonymous_1)","decl":{"start":{"line":20,"column":1},"end":{"line":20,"column":2}},"loc":{"start":{"line":20,"column":10},"end":{"line":33,"column":2}},"line":20},"2":{"name":"(anonymous_2)","decl":{"start":{"line":34,"column":1},"end":{"line":34,"column":2}},"loc":{"start":{"line":34,"column":9},"end":{"line":40,"column":2}},"line":34}},"branchMap":{},"s":{"0":1,"1":1,"2":1,"3":1,"4":1,"5":0,"6":0,"7":0,"8":0,"9":0,"10":0,"11":0,"12":0,"13":0,"14":0,"15":0,"16":1,"17":1,"18":1,"19":1,"20":1},"f":{"0":1,"1":0,"2":1},"b":{},"_coverageSchema":"332fd63041d2c1bcb487cc26dd0d5f7d97098a6c","hash":"54716fd0614717d146cf45713f12bfa575cb703f"}
,"/home/ankitachatterjee/Desktop/Number-To-Text-Converter/src/replace.js": {"path":"/home/ankitachatterjee/Desktop/Number-To-Text-Converter/src/replace.js","statementMap":{"0":{"start":{"line":10,"column":2},"end":{"line":10,"column":15}},"1":{"start":{"line":11,"column":2},"end":{"line":11,"column":15}},"2":{"start":{"line":12,"column":2},"end":{"line":12,"column":27}},"3":{"start":{"line":16,"column":2},"end":{"line":16,"column":61}},"4":{"start":{"line":18,"column":2},"end":{"line":20,"column":3}},"5":{"start":{"line":19,"column":3},"end":{"line":19,"column":61}}},"fnMap":{"0":{"name":"(anonymous_0)","decl":{"start":{"line":9,"column":1},"end":{"line":9,"column":2}},"loc":{"start":{"line":9,"column":31},"end":{"line":14,"column":2}},"line":9},"1":{"name":"(anonymous_1)","decl":{"start":{"line":15,"column":1},"end":{"line":15,"column":2}},"loc":{"start":{"line":15,"column":10},"end":{"line":21,"column":2}},"line":15}},"branchMap":{"0":{"loc":{"start":{"line":18,"column":2},"end":{"line":20,"column":3}},"type":"if","locations":[{"start":{"line":18,"column":2},"end":{"line":20,"column":3}},{"start":{"line":18,"column":2},"end":{"line":20,"column":3}}],"line":18}},"s":{"0":8,"1":8,"2":8,"3":0,"4":0,"5":0},"f":{"0":8,"1":0},"b":{"0":[0,0]},"_coverageSchema":"332fd63041d2c1bcb487cc26dd0d5f7d97098a6c","hash":"01c7f74967902896dd39eb10e312167cf3b678c0"}
,"/home/ankitachatterjee/Desktop/Number-To-Text-Converter/src/sufixPrefix.js": {"path":"/home/ankitachatterjee/Desktop/Number-To-Text-Converter/src/sufixPrefix.js","statementMap":{"0":{"start":{"line":15,"column":2},"end":{"line":15,"column":15}},"1":{"start":{"line":16,"column":2},"end":{"line":16,"column":16}},"2":{"start":{"line":17,"column":2},"end":{"line":17,"column":17}},"3":{"start":{"line":18,"column":2},"end":{"line":18,"column":14}},"4":{"start":{"line":19,"column":2},"end":{"line":19,"column":20}},"5":{"start":{"line":20,"column":2},"end":{"line":20,"column":15}},"6":{"start":{"line":23,"column":8},"end":{"line":23,"column":9}},"7":{"start":{"line":24,"column":2},"end":{"line":26,"column":3}},"8":{"start":{"line":25,"column":3},"end":{"line":25,"column":7}},"9":{"start":{"line":27,"column":2},"end":{"line":27,"column":38}},"10":{"start":{"line":28,"column":2},"end":{"line":28,"column":6}},"11":{"start":{"line":29,"column":2},"end":{"line":31,"column":3}},"12":{"start":{"line":30,"column":3},"end":{"line":30,"column":7}},"13":{"start":{"line":32,"column":2},"end":{"line":32,"column":35}},"14":{"start":{"line":33,"column":2},"end":{"line":33,"column":35}},"15":{"start":{"line":34,"column":12},"end":{"line":34,"column":35}},"16":{"start":{"line":35,"column":2},"end":{"line":35,"column":54}},"17":{"start":{"line":36,"column":13},"end":{"line":36,"column":59}},"18":{"start":{"line":37,"column":2},"end":{"line":37,"column":17}},"19":{"start":{"line":40,"column":12},"end":{"line":40,"column":35}},"20":{"start":{"line":41,"column":2},"end":{"line":41,"column":54}},"21":{"start":{"line":42,"column":2},"end":{"line":42,"column":24}}},"fnMap":{"0":{"name":"(anonymous_0)","decl":{"start":{"line":14,"column":1},"end":{"line":14,"column":2}},"loc":{"start":{"line":14,"column":21},"end":{"line":21,"column":2}},"line":14},"1":{"name":"(anonymous_1)","decl":{"start":{"line":22,"column":1},"end":{"line":22,"column":2}},"loc":{"start":{"line":22,"column":10},"end":{"line":38,"column":2}},"line":22},"2":{"name":"(anonymous_2)","decl":{"start":{"line":39,"column":1},"end":{"line":39,"column":2}},"loc":{"start":{"line":39,"column":9},"end":{"line":43,"column":2}},"line":39}},"branchMap":{},"s":{"0":1,"1":1,"2":1,"3":1,"4":1,"5":1,"6":0,"7":0,"8":0,"9":0,"10":0,"11":0,"12":0,"13":0,"14":0,"15":0,"16":0,"17":0,"18":0,"19":1,"20":1,"21":1},"f":{"0":1,"1":0,"2":1},"b":{},"_coverageSchema":"332fd63041d2c1bcb487cc26dd0d5f7d97098a6c","hash":"a887fb115d14ca2903bbe6f3fa5cc56e9a9b4df0"}
,"/home/ankitachatterjee/Desktop/Number-To-Text-Converter/src/time.js": {"path":"/home/ankitachatterjee/Desktop/Number-To-Text-Converter/src/time.js","statementMap":{"0":{"start":{"line":16,"column":2},"end":{"line":16,"column":15}},"1":{"start":{"line":17,"column":2},"end":{"line":17,"column":13}},"2":{"start":{"line":18,"column":2},"end":{"line":18,"column":14}},"3":{"start":{"line":19,"column":2},"end":{"line":19,"column":14}},"4":{"start":{"line":20,"column":2},"end":{"line":20,"column":16}},"5":{"start":{"line":21,"column":2},"end":{"line":21,"column":20}},"6":{"start":{"line":22,"column":2},"end":{"line":22,"column":15}},"7":{"start":{"line":25,"column":2},"end":{"line":25,"column":35}},"8":{"start":{"line":28,"column":2},"end":{"line":55,"column":3}},"9":{"start":{"line":29,"column":3},"end":{"line":40,"column":4}},"10":{"start":{"line":30,"column":4},"end":{"line":30,"column":26}},"11":{"start":{"line":31,"column":4},"end":{"line":31,"column":27}},"12":{"start":{"line":32,"column":4},"end":{"line":32,"column":63}},"13":{"start":{"line":34,"column":8},"end":{"line":40,"column":4}},"14":{"start":{"line":35,"column":4},"end":{"line":35,"column":26}},"15":{"start":{"line":36,"column":4},"end":{"line":36,"column":63}},"16":{"start":{"line":39,"column":4},"end":{"line":39,"column":62}},"17":{"start":{"line":43,"column":3},"end":{"line":54,"column":4}},"18":{"start":{"line":44,"column":4},"end":{"line":44,"column":26}},"19":{"start":{"line":45,"column":4},"end":{"line":45,"column":27}},"20":{"start":{"line":46,"column":4},"end":{"line":46,"column":27}},"21":{"start":{"line":48,"column":8},"end":{"line":54,"column":4}},"22":{"start":{"line":49,"column":4},"end":{"line":49,"column":26}},"23":{"start":{"line":50,"column":4},"end":{"line":50,"column":27}},"24":{"start":{"line":53,"column":4},"end":{"line":53,"column":26}},"25":{"start":{"line":56,"column":13},"end":{"line":56,"column":35}},"26":{"start":{"line":57,"column":2},"end":{"line":71,"column":3}},"27":{"start":{"line":58,"column":3},"end":{"line":58,"column":38}},"28":{"start":{"line":59,"column":14},"end":{"line":59,"column":37}},"29":{"start":{"line":60,"column":3},"end":{"line":67,"column":4}},"30":{"start":{"line":61,"column":4},"end":{"line":61,"column":39}},"31":{"start":{"line":62,"column":15},"end":{"line":62,"column":38}},"32":{"start":{"line":63,"column":4},"end":{"line":63,"column":35}},"33":{"start":{"line":66,"column":4},"end":{"line":66,"column":35}},"34":{"start":{"line":70,"column":3},"end":{"line":70,"column":34}},"35":{"start":{"line":72,"column":12},"end":{"line":72,"column":58}},"36":{"start":{"line":73,"column":2},"end":{"line":73,"column":16}},"37":{"start":{"line":76,"column":13},"end":{"line":76,"column":35}},"38":{"start":{"line":77,"column":2},"end":{"line":77,"column":37}},"39":{"start":{"line":78,"column":13},"end":{"line":78,"column":36}},"40":{"start":{"line":79,"column":2},"end":{"line":79,"column":37}},"41":{"start":{"line":80,"column":13},"end":{"line":80,"column":36}},"42":{"start":{"line":81,"column":2},"end":{"line":81,"column":33}},"43":{"start":{"line":82,"column":2},"end":{"line":82,"column":24}}},"fnMap":{"0":{"name":"(anonymous_0)","decl":{"start":{"line":15,"column":1},"end":{"line":15,"column":2}},"loc":{"start":{"line":15,"column":21},"end":{"line":23,"column":2}},"line":15},"1":{"name":"(anonymous_1)","decl":{"start":{"line":24,"column":1},"end":{"line":24,"column":2}},"loc":{"start":{"line":24,"column":12},"end":{"line":26,"column":2}},"line":24},"2":{"name":"(anonymous_2)","decl":{"start":{"line":27,"column":1},"end":{"line":27,"column":2}},"loc":{"start":{"line":27,"column":10},"end":{"line":74,"column":2}},"line":27},"3":{"name":"(anonymous_3)","decl":{"start":{"line":75,"column":1},"end":{"line":75,"column":2}},"loc":{"start":{"line":75,"column":9},"end":{"line":83,"column":2}},"line":75}},"branchMap":{"0":{"loc":{"start":{"line":28,"column":2},"end":{"line":55,"column":3}},"type":"if","locations":[{"start":{"line":28,"column":2},"end":{"line":55,"column":3}},{"start":{"line":28,"column":2},"end":{"line":55,"column":3}}],"line":28},"1":{"loc":{"start":{"line":29,"column":3},"end":{"line":40,"column":4}},"type":"if","locations":[{"start":{"line":29,"column":3},"end":{"line":40,"column":4}},{"start":{"line":29,"column":3},"end":{"line":40,"column":4}}],"line":29},"2":{"loc":{"start":{"line":34,"column":8},"end":{"line":40,"column":4}},"type":"if","locations":[{"start":{"line":34,"column":8},"end":{"line":40,"column":4}},{"start":{"line":34,"column":8},"end":{"line":40,"column":4}}],"line":34},"3":{"loc":{"start":{"line":43,"column":3},"end":{"line":54,"column":4}},"type":"if","locations":[{"start":{"line":43,"column":3},"end":{"line":54,"column":4}},{"start":{"line":43,"column":3},"end":{"line":54,"column":4}}],"line":43},"4":{"loc":{"start":{"line":48,"column":8},"end":{"line":54,"column":4}},"type":"if","locations":[{"start":{"line":48,"column":8},"end":{"line":54,"column":4}},{"start":{"line":48,"column":8},"end":{"line":54,"column":4}}],"line":48},"5":{"loc":{"start":{"line":57,"column":2},"end":{"line":71,"column":3}},"type":"if","locations":[{"start":{"line":57,"column":2},"end":{"line":71,"column":3}},{"start":{"line":57,"column":2},"end":{"line":71,"column":3}}],"line":57},"6":{"loc":{"start":{"line":60,"column":3},"end":{"line":67,"column":4}},"type":"if","locations":[{"start":{"line":60,"column":3},"end":{"line":67,"column":4}},{"start":{"line":60,"column":3},"end":{"line":67,"column":4}}],"line":60}},"s":{"0":1,"1":1,"2":1,"3":1,"4":1,"5":1,"6":1,"7":0,"8":0,"9":0,"10":0,"11":0,"12":0,"13":0,"14":0,"15":0,"16":0,"17":0,"18":0,"19":0,"20":0,"21":0,"22":0,"23":0,"24":0,"25":0,"26":0,"27":0,"28":0,"29":0,"30":0,"31":0,"32":0,"33":0,"34":0,"35":0,"36":0,"37":1,"38":1,"39":1,"40":1,"41":1,"42":1,"43":1},"f":{"0":1,"1":0,"2":0,"3":1},"b":{"0":[0,0],"1":[0,0],"2":[0,0],"3":[0,0],"4":[0,0],"5":[0,0],"6":[0,0]},"_coverageSchema":"332fd63041d2c1bcb487cc26dd0d5f7d97098a6c","hash":"28542e4f01cb970250b0d76de8de215c33f7f692"}
}
