TN:
SF:/home/ankitachatterjee/Desktop/Number-To-Text-Converter/src/cardinal.js
FN:11,(anonymous_0)
FN:16,(anonymous_1)
FN:22,(anonymous_2)
FNF:3
FNH:2
FNDA:1,(anonymous_0)
FNDA:0,(anonymous_1)
FNDA:1,(anonymous_2)
DA:12,1
DA:13,1
DA:14,1
DA:17,0
DA:18,0
DA:19,0
DA:20,0
DA:23,1
DA:24,1
DA:25,1
LF:10
LH:6
BRF:0
BRH:0
end_of_record
TN:
SF:/home/ankitachatterjee/Desktop/Number-To-Text-Converter/src/date.js
FN:15,(anonymous_0)
FN:24,(anonymous_1)
FN:27,(anonymous_2)
FN:47,(anonymous_3)
FNF:4
FNH:2
FNDA:1,(anonymous_0)
FNDA:0,(anonymous_1)
FNDA:0,(anonymous_2)
FNDA:1,(anonymous_3)
DA:16,1
DA:17,1
DA:18,1
DA:19,1
DA:20,1
DA:21,1
DA:22,1
DA:25,0
DA:28,0
DA:29,0
DA:30,0
DA:31,0
DA:33,0
DA:34,0
DA:35,0
DA:36,0
DA:38,0
DA:39,0
DA:40,0
DA:41,0
DA:42,0
DA:43,0
DA:44,0
DA:45,0
DA:48,1
DA:49,1
DA:50,1
DA:51,1
DA:52,1
DA:53,1
DA:54,1
LF:31
LH:14
BRDA:28,0,0,0
BRDA:28,0,1,0
BRDA:33,1,0,0
BRDA:33,1,1,0
BRF:4
BRH:0
end_of_record
TN:
SF:/home/ankitachatterjee/Desktop/Number-To-Text-Converter/src/decimal.js
FN:13,(anonymous_0)
FN:20,(anonymous_1)
FN:40,(anonymous_2)
FNF:3
FNH:2
FNDA:1,(anonymous_0)
FNDA:0,(anonymous_1)
FNDA:1,(anonymous_2)
DA:14,1
DA:15,1
DA:16,1
DA:17,1
DA:18,1
DA:21,0
DA:22,0
DA:23,0
DA:25,0
DA:26,0
DA:27,0
DA:28,0
DA:29,0
DA:30,0
DA:33,0
DA:34,0
DA:35,0
DA:36,0
DA:37,0
DA:38,0
DA:41,1
DA:42,1
DA:43,1
DA:44,1
DA:45,1
LF:25
LH:10
BRDA:27,0,0,0
BRDA:27,0,1,0
BRF:2
BRH:0
end_of_record
TN:
SF:/home/ankitachatterjee/Desktop/Number-To-Text-Converter/src/fraction.js
FN:13,(anonymous_0)
FN:20,(anonymous_1)
FN:34,(anonymous_2)
FNF:3
FNH:2
FNDA:1,(anonymous_0)
FNDA:0,(anonymous_1)
FNDA:1,(anonymous_2)
DA:14,1
DA:15,1
DA:16,1
DA:17,1
DA:18,1
DA:21,0
DA:22,0
DA:23,0
DA:25,0
DA:26,0
DA:27,0
DA:28,0
DA:29,0
DA:30,0
DA:31,0
DA:32,0
DA:35,1
DA:36,1
DA:37,1
DA:38,1
DA:39,1
LF:21
LH:10
BRF:0
BRH:0
end_of_record
TN:
SF:/home/ankitachatterjee/Desktop/Number-To-Text-Converter/src/numToWord.js
FN:25,(anonymous_0)
FN:40,(anonymous_1)
FN:48,(anonymous_2)
FN:106,(anonymous_3)
FNF:4
FNH:4
FNDA:23,(anonymous_0)
FNDA:4,(anonymous_1)
FNDA:13,(anonymous_2)
FNDA:2,(anonymous_3)
DA:26,23
DA:27,23
DA:28,23
DA:29,23
DA:30,23
DA:31,23
DA:32,23
DA:33,23
DA:34,23
DA:35,23
DA:37,23
DA:38,23
DA:41,4
DA:42,4
DA:43,4
DA:44,4
DA:46,4
DA:49,13
DA:50,13
DA:51,13
DA:52,22
DA:53,2
DA:54,0
DA:56,2
DA:57,0
DA:60,2
DA:64,20
DA:66,22
DA:67,19
DA:68,13
DA:69,13
DA:70,4
DA:71,0
DA:72,0
DA:74,4
DA:75,0
DA:78,4
DA:80,4
DA:81,2
DA:82,2
DA:83,0
DA:84,0
DA:85,0
DA:86,0
DA:87,0
DA:90,0
DA:92,0
DA:93,0
DA:96,0
DA:98,0
DA:99,0
DA:104,13
DA:107,2
DA:108,2
DA:110,2
DA:111,2
DA:112,12
DA:114,2
LF:58
LH:42
BRDA:52,0,0,2
BRDA:52,0,1,20
BRDA:53,1,0,0
BRDA:53,1,1,2
BRDA:53,2,0,2
BRDA:53,2,1,2
BRDA:53,2,2,2
BRDA:53,2,3,2
BRDA:53,2,4,2
BRDA:53,2,5,2
BRDA:53,2,6,2
BRDA:53,2,7,2
BRDA:53,2,8,2
BRDA:53,2,9,2
BRDA:53,2,10,2
BRDA:56,3,0,0
BRDA:56,3,1,2
BRDA:56,4,0,2
BRDA:56,4,1,1
BRDA:56,4,2,1
BRDA:56,4,3,1
BRDA:66,5,0,19
BRDA:66,5,1,3
BRDA:67,6,0,13
BRDA:67,6,1,4
BRDA:67,6,2,2
BRDA:67,6,3,0
BRDA:67,6,4,0
BRDA:70,7,0,0
BRDA:70,7,1,4
BRDA:70,8,0,4
BRDA:70,8,1,0
BRDA:74,9,0,0
BRDA:74,9,1,4
BRDA:86,10,0,0
BRDA:86,10,1,0
BRDA:92,11,0,0
BRDA:92,11,1,0
BRDA:92,12,0,0
BRDA:92,12,1,0
BRF:40
BRH:27
end_of_record
TN:
SF:/home/ankitachatterjee/Desktop/Number-To-Text-Converter/src/ordinal.js
FN:13,(anonymous_0)
FN:20,(anonymous_1)
FN:64,(anonymous_2)
FNF:3
FNH:2
FNDA:1,(anonymous_0)
FNDA:0,(anonymous_1)
FNDA:1,(anonymous_2)
DA:14,1
DA:15,1
DA:16,1
DA:17,1
DA:18,1
DA:21,0
DA:22,0
DA:23,0
DA:24,0
DA:25,0
DA:26,0
DA:27,0
DA:28,0
DA:29,0
DA:31,0
DA:32,0
DA:33,0
DA:35,0
DA:36,0
DA:37,0
DA:39,0
DA:40,0
DA:41,0
DA:43,0
DA:44,0
DA:45,0
DA:47,0
DA:48,0
DA:49,0
DA:51,0
DA:52,0
DA:53,0
DA:54,0
DA:56,0
DA:59,0
DA:61,0
DA:62,0
DA:65,1
DA:66,1
DA:67,1
LF:40
LH:8
BRDA:28,0,0,0
BRDA:28,0,1,0
BRDA:31,1,0,0
BRDA:31,1,1,0
BRDA:35,2,0,0
BRDA:35,2,1,0
BRDA:39,3,0,0
BRDA:39,3,1,0
BRDA:43,4,0,0
BRDA:43,4,1,0
BRDA:47,5,0,0
BRDA:47,5,1,0
BRDA:51,6,0,0
BRDA:51,6,1,0
BRF:14
BRH:0
end_of_record
TN:
SF:/home/ankitachatterjee/Desktop/Number-To-Text-Converter/src/phoneNo.js
FN:13,(anonymous_0)
FN:20,(anonymous_1)
FN:34,(anonymous_2)
FNF:3
FNH:2
FNDA:1,(anonymous_0)
FNDA:0,(anonymous_1)
FNDA:1,(anonymous_2)
DA:14,1
DA:15,1
DA:16,1
DA:17,1
DA:18,1
DA:21,0
DA:22,0
DA:23,0
DA:25,0
DA:26,0
DA:27,0
DA:28,0
DA:29,0
DA:30,0
DA:31,0
DA:32,0
DA:35,1
DA:36,1
DA:37,1
DA:38,1
DA:39,1
LF:21
LH:10
BRF:0
BRH:0
end_of_record
TN:
SF:/home/ankitachatterjee/Desktop/Number-To-Text-Converter/src/replace.js
FN:9,(anonymous_0)
FN:15,(anonymous_1)
FNF:2
FNH:1
FNDA:8,(anonymous_0)
FNDA:0,(anonymous_1)
DA:10,8
DA:11,8
DA:12,8
DA:16,0
DA:18,0
DA:19,0
LF:6
LH:3
BRDA:18,0,0,0
BRDA:18,0,1,0
BRF:2
BRH:0
end_of_record
TN:
SF:/home/ankitachatterjee/Desktop/Number-To-Text-Converter/src/sufixPrefix.js
FN:14,(anonymous_0)
FN:22,(anonymous_1)
FN:39,(anonymous_2)
FNF:3
FNH:2
FNDA:1,(anonymous_0)
FNDA:0,(anonymous_1)
FNDA:1,(anonymous_2)
DA:15,1
DA:16,1
DA:17,1
DA:18,1
DA:19,1
DA:20,1
DA:23,0
DA:24,0
DA:25,0
DA:27,0
DA:28,0
DA:29,0
DA:30,0
DA:32,0
DA:33,0
DA:34,0
DA:35,0
DA:36,0
DA:37,0
DA:40,1
DA:41,1
DA:42,1
LF:22
LH:9
BRF:0
BRH:0
end_of_record
TN:
SF:/home/ankitachatterjee/Desktop/Number-To-Text-Converter/src/time.js
FN:15,(anonymous_0)
FN:24,(anonymous_1)
FN:27,(anonymous_2)
FN:75,(anonymous_3)
FNF:4
FNH:2
FNDA:1,(anonymous_0)
FNDA:0,(anonymous_1)
FNDA:0,(anonymous_2)
FNDA:1,(anonymous_3)
DA:16,1
DA:17,1
DA:18,1
DA:19,1
DA:20,1
DA:21,1
DA:22,1
DA:25,0
DA:28,0
DA:29,0
DA:30,0
DA:31,0
DA:32,0
DA:34,0
DA:35,0
DA:36,0
DA:39,0
DA:43,0
DA:44,0
DA:45,0
DA:46,0
DA:48,0
DA:49,0
DA:50,0
DA:53,0
DA:56,0
DA:57,0
DA:58,0
DA:59,0
DA:60,0
DA:61,0
DA:62,0
DA:63,0
DA:66,0
DA:70,0
DA:72,0
DA:73,0
DA:76,1
DA:77,1
DA:78,1
DA:79,1
DA:80,1
DA:81,1
DA:82,1
LF:44
LH:14
BRDA:28,0,0,0
BRDA:28,0,1,0
BRDA:29,1,0,0
BRDA:29,1,1,0
BRDA:34,2,0,0
BRDA:34,2,1,0
BRDA:43,3,0,0
BRDA:43,3,1,0
BRDA:48,4,0,0
BRDA:48,4,1,0
BRDA:57,5,0,0
BRDA:57,5,1,0
BRDA:60,6,0,0
BRDA:60,6,1,0
BRF:14
BRH:0
end_of_record
